<?xml version="1.0" encoding="UTF-8"?>
<!-- Generated by org.testng.reporters.JUnitReportReporter -->
<testsuite hostname="GBLNB-PG034KGC" failures="0" tests="1" name="com.pagefactory.com.pagefactory.com.PageFac" time="5.121" errors="0" timestamp="2023-03-05T00:39:26 IST" skipped="0">
  <testcase classname="com.pagefactory.com.pagefactory.com.PageFac" name="method2" time="5.121"/>
  <system-out/>
</testsuite> <!-- com.pagefactory.com.pagefactory.com.PageFac -->
